<?xml version="1.0" encoding="UTF-8"?>
<testsuite xmlns:xsi="http://www.w3.org/2001/XMLSchema-instance" xsi:noNamespaceSchemaLocation="https://maven.apache.org/surefire/maven-surefire-plugin/xsd/surefire-test-report-3.0.xsd" version="3.0" name="BuscarQuartosTest" time="13.352" tests="2" errors="0" skipped="0" failures="0">
  <properties>
[...]
</properties>
  <testcase name="testBuscarQuartos_SemDisponibilidade" classname="BuscarQuartosTest" time="13.277">
    <system-err><![CDATA[mai. 05, 2025 4:02:11 PM org.hibernate.jpa.internal.util.LogHelper logPersistenceUnitInformation
INFO: HHH000204: Processing PersistenceUnitInfo [name: Hotel-BD]
mai. 05, 2025 4:02:11 PM org.hibernate.Version logVersion
INFO: HHH000412: Hibernate ORM core version 6.6.3.Final
mai. 05, 2025 4:02:11 PM org.hibernate.cache.internal.RegionFactoryInitiator initiateService
INFO: HHH000026: Second-level cache disabled
mai. 05, 2025 4:02:11 PM org.hibernate.engine.jdbc.connections.internal.DriverManagerConnectionProviderImpl configure
WARN: HHH10001002: Using built-in connection pool (not intended for production use)
mai. 05, 2025 4:02:12 PM org.hibernate.engine.jdbc.dialect.internal.DialectFactoryImpl constructDialect
WARN: HHH90000025: MySQL8Dialect does not need to be specified explicitly using 'hibernate.dialect' (remove the property setting and it will be selected by default)
mai. 05, 2025 4:02:12 PM org.hibernate.engine.jdbc.dialect.internal.DialectFactoryImpl logSelectedDialect
WARN: HHH90000026: MySQL8Dialect has been deprecated; use org.hibernate.dialect.MySQLDialect instead
mai. 05, 2025 4:02:12 PM org.hibernate.engine.jdbc.env.internal.JdbcEnvironmentInitiator initiateService
INFO: HHH10001005: Database info:
	Database JDBC URL [jdbc:mysql://localhost:3306/hotelbd]
	Database driver: com.mysql.cj.jdbc.Driver
	Database version: 8.0
	Autocommit mode: false
	Isolation level: undefined/unknown
	Minimum pool size: 1
	Maximum pool size: 20
mai. 05, 2025 4:02:14 PM org.hibernate.metamodel.internal.EntityInstantiatorPojoStandard resolveConstructor
INFO: HHH000182: No default (no-argument) constructor for class: br.com.senac.hotel.web.Models.PerfilUsuario (class must be instantiated by Interceptor)
mai. 05, 2025 4:02:14 PM org.hibernate.metamodel.internal.EntityInstantiatorPojoStandard resolveConstructor
INFO: HHH000182: No default (no-argument) constructor for class: br.com.senac.hotel.web.Models.Usuarios (class must be instantiated by Interceptor)
mai. 05, 2025 4:02:14 PM org.hibernate.engine.transaction.jta.platform.internal.JtaPlatformInitiator initiateService
INFO: HHH000489: No JTA platform available (set 'hibernate.transaction.jta.platform' to enable JTA platform integration)
]]></system-err>
  </testcase>
  <testcase name="testBuscarQuartosDisponiveis_Sucesso" classname="BuscarQuartosTest" time="0.031"/>
</testsuite>